<?xml version="1.0" encoding="UTF-8"?>
<!-- Generated by org.testng.reporters.JUnitXMLReporter -->
<testsuite ignored="2" hostname="HUMAIR" failures="0" tests="1" name="Default test(failed)" time="0.076" errors="0" timestamp="2024-07-29T02:04:46 CDT">
  <testcase classname="testNGLearning.CompareWebTable" name="compareData" time="0.016"/>
  <testcase classname="testNGLearning.CompareWebTable" name="readFrmTxtFile" time="0.0">
    <ignored/>
  </testcase> <!-- readFrmTxtFile -->
  <testcase classname="testNGLearning.CompareWebTable" name="readDataFrmWebTbl" time="0.0">
    <ignored/>
  </testcase> <!-- readDataFrmWebTbl -->
</testsuite> <!-- Default test(failed) -->
