<?xml version="1.0" encoding="UTF-8"?>
<!-- Generated by org.testng.reporters.JUnitXMLReporter -->
<testsuite ignored="0" hostname="HUMAIR" failures="0" tests="3" name="Default test" time="25.991" errors="0" timestamp="2024-07-30T10:53:22 CDT">
  <testcase classname="testNGLearning.CompareWebTable" name="readDataFrmWebTbl" time="25.897"/>
  <testcase classname="testNGLearning.CompareWebTable" name="readFrmTxtFile" time="0.007"/>
  <testcase classname="testNGLearning.CompareWebTable" name="compareData" time="0.006"/>
</testsuite> <!-- Default test -->
