<?xml version="1.0" encoding="UTF-8"?>
<testng-results ignored="0" total="3" passed="3" failed="0" skipped="0">
  <reporter-output>
    <line>
      <![CDATA[Item Matched...]]>
    </line>
    <line>
      <![CDATA[Item Matched...]]>
    </line>
    <line>
      <![CDATA[Item Matched...]]>
    </line>
    <line>
      <![CDATA[Item Matched...]]>
    </line>
    <line>
      <![CDATA[Item Matched...]]>
    </line>
    <line>
      <![CDATA[Item Matched...]]>
    </line>
    <line>
      <![CDATA[Item Matched...]]>
    </line>
    <line>
      <![CDATA[Item Matched...]]>
    </line>
    <line>
      <![CDATA[Item Matched...]]>
    </line>
    <line>
      <![CDATA[Item Matched...]]>
    </line>
    <line>
      <![CDATA[Item Matched...]]>
    </line>
    <line>
      <![CDATA[Item Matched...]]>
    </line>
    <line>
      <![CDATA[Item Matched...]]>
    </line>
    <line>
      <![CDATA[Item Matched...]]>
    </line>
    <line>
      <![CDATA[Item Matched...]]>
    </line>
    <line>
      <![CDATA[Item Matched...]]>
    </line>
    <line>
      <![CDATA[Item Matched...]]>
    </line>
    <line>
      <![CDATA[Item Matched...]]>
    </line>
  </reporter-output>
  <suite started-at="2024-07-30T10:52:56 CDT" name="Default suite" finished-at="2024-07-30T10:53:22 CDT" duration-ms="25991">
    <groups>
    </groups>
    <test started-at="2024-07-30T10:52:56 CDT" name="Default test" finished-at="2024-07-30T10:53:22 CDT" duration-ms="25991">
      <class name="testNGLearning.CompareWebTable">
        <test-method signature="readDataFrmWebTbl()[pri:1, instance:testNGLearning.CompareWebTable@2667f029]" started-at="2024-07-30T10:52:56 CDT" name="readDataFrmWebTbl" finished-at="2024-07-30T10:53:22 CDT" duration-ms="25897" status="PASS">
          <reporter-output>
          </reporter-output>
        </test-method> <!-- readDataFrmWebTbl -->
        <test-method signature="readFrmTxtFile()[pri:2, instance:testNGLearning.CompareWebTable@2667f029]" started-at="2024-07-30T10:53:22 CDT" name="readFrmTxtFile" finished-at="2024-07-30T10:53:22 CDT" duration-ms="7" status="PASS">
          <reporter-output>
          </reporter-output>
        </test-method> <!-- readFrmTxtFile -->
        <test-method signature="compareData()[pri:3, instance:testNGLearning.CompareWebTable@2667f029]" started-at="2024-07-30T10:53:22 CDT" name="compareData" finished-at="2024-07-30T10:53:22 CDT" duration-ms="6" status="PASS">
          <reporter-output>
            <line>
              <![CDATA[Item Matched...]]>
            </line>
            <line>
              <![CDATA[Item Matched...]]>
            </line>
            <line>
              <![CDATA[Item Matched...]]>
            </line>
            <line>
              <![CDATA[Item Matched...]]>
            </line>
            <line>
              <![CDATA[Item Matched...]]>
            </line>
            <line>
              <![CDATA[Item Matched...]]>
            </line>
            <line>
              <![CDATA[Item Matched...]]>
            </line>
            <line>
              <![CDATA[Item Matched...]]>
            </line>
            <line>
              <![CDATA[Item Matched...]]>
            </line>
            <line>
              <![CDATA[Item Matched...]]>
            </line>
            <line>
              <![CDATA[Item Matched...]]>
            </line>
            <line>
              <![CDATA[Item Matched...]]>
            </line>
            <line>
              <![CDATA[Item Matched...]]>
            </line>
            <line>
              <![CDATA[Item Matched...]]>
            </line>
            <line>
              <![CDATA[Item Matched...]]>
            </line>
            <line>
              <![CDATA[Item Matched...]]>
            </line>
            <line>
              <![CDATA[Item Matched...]]>
            </line>
            <line>
              <![CDATA[Item Matched...]]>
            </line>
          </reporter-output>
        </test-method> <!-- compareData -->
      </class> <!-- testNGLearning.CompareWebTable -->
    </test> <!-- Default test -->
  </suite> <!-- Default suite -->
</testng-results>
